Error in file: e2d760c3-7e10-4464-ab22-7fda6b5e2562.json
Type error: 'bad user id' is not of type 'integer'
Type must be: "integer"
Instanse key path: file["user_id"]
Current value: "bad user id"
________________
Error in file: 297e4dc6-07d1-420d-a5ae-e4aff3aedc19.json
Key not found: 'type'
Must be all key: ['date', 'type']
Instanse key path: file["type_ranges"][29]
Current value: "{'date': '2020-08-27T08:34:00-04:00'}"
________________
Key not found: 'type'
Must be all key: ['date', 'type']
Instanse key path: file["type_ranges"][31]
Current value: "{'date': '2020-08-27T09:34:00-04:00'}"
________________
Key not found: 'type'
Must be all key: ['date', 'type']
Instanse key path: file["type_ranges"][33]
Current value: "{'date': '2020-08-27T09:40:00-04:00'}"
________________
Error in file: ba25151c-914f-4f47-909a-7a65a6339f34.json
The schema name contains an error in key "event", or there is no such schema. Check the "event" key in the json file.
________________
Error in file: 29f0bfa7-bd51-4d45-93be-f6ead1ae0b96.json
The file does not contain JSON
________________
Error in file: c72d21cf-1152-4d8e-b649-e198149d5bbb.json
The schema name contains an error in key "event", or there is no such schema. Check the "event" key in the json file.
________________
Error in file: fb1a0854-9535-404d-9bdd-9ec0abb6cd6c.json
Key not found: 'cmarkers'
Must be all key: ['cmarkers', 'datetime', 'user_id']
Instanse key path: file[]
Current value: missed 
________________
Error in file: 3ade063d-d1b9-453f-85b4-dda7bfda4711.json
The schema name contains an error in key "event", or there is no such schema. Check the "event" key in the json file.
________________
Error in file: bb998113-bc02-4cd1-9410-d9ae94f53eb0.json
Key not found: 'unique_id'
Must be all key: ['source', 'timestamp', 'finish_time', 'activity_type', 'time_start', 'unique_id']
Instanse key path: file[]
Current value: missed 
________________
Error in file: a95d845c-8d9e-4e07-8948-275167643a40.json
The file does not contain JSON
________________
Error in file: 6b1984e5-4092-4279-9dce-bdaa831c7932.json
The schema name contains an error in key "event", or there is no such schema. Check the "event" key in the json file.
________________
Error in file: 2e8ffd3c-dbda-42df-9901-b7a30869511a.json
The schema name contains an error in key "event", or there is no such schema. Check the "event" key in the json file.
________________
Error in file: 1eba2aa1-2acf-460d-91e6-55a8c3e3b7a3.json
Key not found: 'unique_id'
Must be all key: ['id', 'labels', 'rr_id', 'timestamp', 'unique_id', 'user', 'user_id']
Instanse key path: file[]
Current value: missed 
________________
Key not found: 'user'
Must be all key: ['id', 'labels', 'rr_id', 'timestamp', 'unique_id', 'user', 'user_id']
Instanse key path: file[]
Current value: missed 
________________
Key not found: 'user_id'
Must be all key: ['id', 'labels', 'rr_id', 'timestamp', 'unique_id', 'user', 'user_id']
Instanse key path: file[]
Current value: missed 
________________
Error in file: cc07e442-7986-4714-8fc2-ac2256690a90.json
There is no data in the file
________________
Error in file: ffe6b214-d543-40a8-8da3-deb0dc5bbd8c.json
Type error: 'suprt marker' is not of type 'array'
Type must be: "array"
Instanse key path: file["cmarkers"]
Current value: "suprt marker"
________________
Type error: None is not of type 'integer'
Type must be: "integer"
Instanse key path: file["user_id"]
Current value: "None"
________________
